mode: set
github.com/gotmc/usbtmc/constants.go:84.37,86.2 1 0
github.com/gotmc/usbtmc/lsusbtmc.go:8.54,10.9 2 0
github.com/gotmc/usbtmc/lsusbtmc.go:41.2,41.27 1 0
github.com/gotmc/usbtmc/lsusbtmc.go:11.2,12.39 1 0
github.com/gotmc/usbtmc/lsusbtmc.go:38.2,39.15 1 0
github.com/gotmc/usbtmc/lsusbtmc.go:12.39,13.44 1 0
github.com/gotmc/usbtmc/lsusbtmc.go:13.44,14.40 1 0
github.com/gotmc/usbtmc/lsusbtmc.go:14.40,15.13 1 0
github.com/gotmc/usbtmc/lsusbtmc.go:16.6,24.46 3 0
github.com/gotmc/usbtmc/lsusbtmc.go:25.6,33.46 3 0
github.com/gotmc/usbtmc/visa.go:21.77,42.24 7 1
github.com/gotmc/usbtmc/visa.go:46.2,46.57 1 1
github.com/gotmc/usbtmc/visa.go:52.2,52.34 1 1
github.com/gotmc/usbtmc/visa.go:60.2,60.38 1 1
github.com/gotmc/usbtmc/visa.go:68.2,68.33 1 1
github.com/gotmc/usbtmc/visa.go:76.2,78.59 2 1
github.com/gotmc/usbtmc/visa.go:84.2,84.18 1 1
github.com/gotmc/usbtmc/visa.go:42.24,44.3 1 1
github.com/gotmc/usbtmc/visa.go:46.57,48.3 1 1
github.com/gotmc/usbtmc/visa.go:48.3,50.3 1 1
github.com/gotmc/usbtmc/visa.go:52.34,54.17 2 1
github.com/gotmc/usbtmc/visa.go:57.3,57.39 1 1
github.com/gotmc/usbtmc/visa.go:54.17,56.4 1 0
github.com/gotmc/usbtmc/visa.go:60.38,62.17 2 1
github.com/gotmc/usbtmc/visa.go:65.3,65.47 1 1
github.com/gotmc/usbtmc/visa.go:62.17,64.4 1 0
github.com/gotmc/usbtmc/visa.go:68.33,70.17 2 1
github.com/gotmc/usbtmc/visa.go:73.3,73.37 1 1
github.com/gotmc/usbtmc/visa.go:70.17,72.4 1 0
github.com/gotmc/usbtmc/visa.go:78.59,80.3 1 1
github.com/gotmc/usbtmc/visa.go:80.3,82.3 1 1
